# JRE version: OpenJDK Runtime Environment (11.0.10) (build 11.0.10+0-b96-7249189)
# Java VM: OpenJDK 64-Bit Server VM (11.0.10+0-b96-7249189, mixed mode, tiered, compressed oops, g1 gc, windows-amd64)
Heap:
 garbage-first heap   total 262144K, used 87040K [0x0000000080000000, 0x0000000100000000)
  region size 1024K, 4 young (4096K), 3 survivors (3072K)
 Metaspace       used 39799K, capacity 40750K, committed 40784K, reserved 1085440K
  class space    used 5036K, capacity 5365K, committed 5376K, reserved 1048576K
GC Heap History (17 events):
Event: 0.641 GC heap before
{Heap before GC invocations=0 (full 0):
 garbage-first heap   total 262144K, used 29696K [0x0000000080000000, 0x0000000100000000)
  region size 1024K, 24 young (24576K), 0 survivors (0K)
 Metaspace       used 10761K, capacity 10992K, committed 11264K, reserved 1058816K
  class space    used 1139K, capacity 1200K, committed 1280K, reserved 1048576K
}
Event: 0.646 GC heap after
{Heap after GC invocations=1 (full 0):
 garbage-first heap   total 262144K, used 8559K [0x0000000080000000, 0x0000000100000000)
  region size 1024K, 3 young (3072K), 3 survivors (3072K)
 Metaspace       used 10761K, capacity 10992K, committed 11264K, reserved 1058816K
  class space    used 1139K, capacity 1200K, committed 1280K, reserved 1048576K
}
Event: 2.398 GC heap before
{Heap before GC invocations=1 (full 0):
 garbage-first heap   total 262144K, used 87407K [0x0000000080000000, 0x0000000100000000)
  region size 1024K, 81 young (82944K), 3 survivors (3072K)
 Metaspace       used 20715K, capacity 21203K, committed 21296K, reserved 1069056K
  class space    used 2438K, capacity 2649K, committed 2688K, reserved 1048576K
}
Event: 2.407 GC heap after
{Heap after GC invocations=2 (full 0):
 garbage-first heap   total 262144K, used 15618K [0x0000000080000000, 0x0000000100000000)
  region size 1024K, 10 young (10240K), 10 survivors (10240K)
 Metaspace       used 20715K, capacity 21203K, committed 21296K, reserved 1069056K
  class space    used 2438K, capacity 2649K, committed 2688K, reserved 1048576K
}
Event: 2.596 GC heap before
{Heap before GC invocations=3 (full 0):
 garbage-first heap   total 262144K, used 36098K [0x0000000080000000, 0x0000000100000000)
  region size 1024K, 30 young (30720K), 10 survivors (10240K)
 Metaspace       used 22810K, capacity 23388K, committed 23728K, reserved 1071104K
  class space    used 2829K, capacity 3017K, committed 3072K, reserved 1048576K
}
Event: 2.602 GC heap after
{Heap after GC invocations=4 (full 0):
 garbage-first heap   total 262144K, used 17185K [0x0000000080000000, 0x0000000100000000)
  region size 1024K, 2 young (2048K), 2 survivors (2048K)
 Metaspace       used 22810K, capacity 23388K, committed 23728K, reserved 1071104K
  class space    used 2829K, capacity 3017K, committed 3072K, reserved 1048576K
}
Event: 3.472 GC heap before
{Heap before GC invocations=4 (full 0):
 garbage-first heap   total 262144K, used 99105K [0x0000000080000000, 0x0000000100000000)
  region size 1024K, 73 young (74752K), 2 survivors (2048K)
 Metaspace       used 31308K, capacity 32064K, committed 32304K, reserved 1077248K
  class space    used 4120K, capacity 4422K, committed 4480K, reserved 1048576K
}
Event: 3.476 GC heap after
{Heap after GC invocations=5 (full 0):
 garbage-first heap   total 262144K, used 32944K [0x0000000080000000, 0x0000000100000000)
  region size 1024K, 7 young (7168K), 7 survivors (7168K)
 Metaspace       used 31308K, capacity 32064K, committed 32304K, reserved 1077248K
  class space    used 4120K, capacity 4422K, committed 4480K, reserved 1048576K
}
Event: 3.624 GC heap before
{Heap before GC invocations=5 (full 0):
 garbage-first heap   total 262144K, used 42160K [0x0000000080000000, 0x0000000100000000)
  region size 1024K, 17 young (17408K), 7 survivors (7168K)
 Metaspace       used 35039K, capacity 35796K, committed 35920K, reserved 1081344K
  class space    used 4474K, capacity 4794K, committed 4864K, reserved 1048576K
}
Event: 3.630 GC heap after
{Heap after GC invocations=6 (full 0):
 garbage-first heap   total 262144K, used 34222K [0x0000000080000000, 0x0000000100000000)
  region size 1024K, 8 young (8192K), 8 survivors (8192K)
 Metaspace       used 35039K, capacity 35796K, committed 35920K, reserved 1081344K
  class space    used 4474K, capacity 4794K, committed 4864K, reserved 1048576K
}
Event: 4.313 GC heap before
{Heap before GC invocations=7 (full 0):
 garbage-first heap   total 262144K, used 130478K [0x0000000080000000, 0x0000000100000000)
  region size 1024K, 100 young (102400K), 8 survivors (8192K)
 Metaspace       used 39268K, capacity 40154K, committed 40272K, reserved 1085440K
  class space    used 4979K, capacity 5310K, committed 5376K, reserved 1048576K
}
Event: 4.324 GC heap after
{Heap after GC invocations=8 (full 0):
 garbage-first heap   total 262144K, used 50799K [0x0000000080000000, 0x0000000100000000)
  region size 1024K, 13 young (13312K), 13 survivors (13312K)
 Metaspace       used 39268K, capacity 40154K, committed 40272K, reserved 1085440K
  class space    used 4979K, capacity 5310K, committed 5376K, reserved 1048576K
}
Event: 4.725 GC heap before
{Heap before GC invocations=8 (full 0):
 garbage-first heap   total 262144K, used 161391K [0x0000000080000000, 0x0000000100000000)
  region size 1024K, 121 young (123904K), 13 survivors (13312K)
 Metaspace       used 39299K, capacity 40218K, committed 40528K, reserved 1085440K
  class space    used 4982K, capacity 5310K, committed 5376K, reserved 1048576K
}
Event: 4.737 GC heap after
{Heap after GC invocations=9 (full 0):
 garbage-first heap   total 262144K, used 68871K [0x0000000080000000, 0x0000000100000000)
  region size 1024K, 16 young (16384K), 16 survivors (16384K)
 Metaspace       used 39299K, capacity 40218K, committed 40528K, reserved 1085440K
  class space    used 4982K, capacity 5310K, committed 5376K, reserved 1048576K
}
Event: 5.031 GC heap before
{Heap before GC invocations=9 (full 0):
 garbage-first heap   total 262144K, used 163079K [0x0000000080000000, 0x0000000100000000)
  region size 1024K, 108 young (110592K), 16 survivors (16384K)
 Metaspace       used 39300K, capacity 40218K, committed 40528K, reserved 1085440K
  class space    used 4982K, capacity 5310K, committed 5376K, reserved 1048576K
}
Event: 5.039 GC heap after
{Heap after GC invocations=10 (full 0):
 garbage-first heap   total 262144K, used 82579K [0x0000000080000000, 0x0000000100000000)
  region size 1024K, 14 young (14336K), 14 survivors (14336K)
 Metaspace       used 39300K, capacity 40218K, committed 40528K, reserved 1085440K
  class space    used 4982K, capacity 5310K, committed 5376K, reserved 1048576K
}
Event: 5.804 GC heap before
{Heap before GC invocations=10 (full 0):
 garbage-first heap   total 262144K, used 169619K [0x0000000080000000, 0x0000000100000000)
  region size 1024K, 99 young (101376K), 14 survivors (14336K)
 Metaspace       used 39759K, capacity 40750K, committed 40784K, reserved 1085440K
  class space    used 5031K, capacity 5365K, committed 5376K, reserved 1048576K
}

