# JRE version: OpenJDK Runtime Environment (11.0.10) (build 11.0.10+0-b96-7249189)
# Java VM: OpenJDK 64-Bit Server VM (11.0.10+0-b96-7249189, mixed mode, tiered, compressed oops, g1 gc, windows-amd64)
Heap:
 garbage-first heap   total 262144K, used 108726K [0x0000000080000000, 0x0000000100000000)
  region size 1024K, 31 young (31744K), 14 survivors (14336K)
 Metaspace       used 43697K, capacity 44644K, committed 44956K, reserved 1089536K
  class space    used 5401K, capacity 5747K, committed 5868K, reserved 1048576K
GC Heap History (20 events):
Event: 6.711 GC heap before
{Heap before GC invocations=7 (full 0):
 garbage-first heap   total 262144K, used 145060K [0x0000000080000000, 0x0000000100000000)
  region size 1024K, 115 young (117760K), 8 survivors (8192K)
 Metaspace       used 42826K, capacity 43716K, committed 44060K, reserved 1087488K
  class space    used 5328K, capacity 5642K, committed 5740K, reserved 1048576K
}
Event: 6.724 GC heap after
{Heap after GC invocations=8 (full 0):
 garbage-first heap   total 262144K, used 52921K [0x0000000080000000, 0x0000000100000000)
  region size 1024K, 15 young (15360K), 15 survivors (15360K)
 Metaspace       used 42826K, capacity 43716K, committed 44060K, reserved 1087488K
  class space    used 5328K, capacity 5642K, committed 5740K, reserved 1048576K
}
Event: 7.093 GC heap before
{Heap before GC invocations=8 (full 0):
 garbage-first heap   total 262144K, used 167609K [0x0000000080000000, 0x0000000100000000)
  region size 1024K, 127 young (130048K), 15 survivors (15360K)
 Metaspace       used 42854K, capacity 43716K, committed 44060K, reserved 1087488K
  class space    used 5332K, capacity 5642K, committed 5740K, reserved 1048576K
}
Event: 7.110 GC heap after
{Heap after GC invocations=9 (full 0):
 garbage-first heap   total 262144K, used 78601K [0x0000000080000000, 0x0000000100000000)
  region size 1024K, 16 young (16384K), 16 survivors (16384K)
 Metaspace       used 42854K, capacity 43716K, committed 44060K, reserved 1087488K
  class space    used 5332K, capacity 5642K, committed 5740K, reserved 1048576K
}
Event: 7.990 GC heap before
{Heap before GC invocations=9 (full 0):
 garbage-first heap   total 262144K, used 175881K [0x0000000080000000, 0x0000000100000000)
  region size 1024K, 111 young (113664K), 16 survivors (16384K)
 Metaspace       used 43345K, capacity 44298K, committed 44316K, reserved 1087488K
  class space    used 5385K, capacity 5732K, committed 5740K, reserved 1048576K
}
Event: 7.994 GC heap after
{Heap after GC invocations=10 (full 0):
 garbage-first heap   total 262144K, used 75052K [0x0000000080000000, 0x0000000100000000)
  region size 1024K, 3 young (3072K), 3 survivors (3072K)
 Metaspace       used 43345K, capacity 44298K, committed 44316K, reserved 1087488K
  class space    used 5385K, capacity 5732K, committed 5740K, reserved 1048576K
}
Event: 19.197 GC heap before
{Heap before GC invocations=10 (full 0):
 garbage-first heap   total 262144K, used 180524K [0x0000000080000000, 0x0000000100000000)
  region size 1024K, 106 young (108544K), 3 survivors (3072K)
 Metaspace       used 43485K, capacity 44403K, committed 44700K, reserved 1087488K
  class space    used 5396K, capacity 5741K, committed 5868K, reserved 1048576K
}
Event: 19.206 GC heap after
{Heap after GC invocations=11 (full 0):
 garbage-first heap   total 262144K, used 100352K [0x0000000080000000, 0x0000000100000000)
  region size 1024K, 14 young (14336K), 14 survivors (14336K)
 Metaspace       used 43485K, capacity 44403K, committed 44700K, reserved 1087488K
  class space    used 5396K, capacity 5741K, committed 5868K, reserved 1048576K
}
Event: 19.465 GC heap before
{Heap before GC invocations=11 (full 0):
 garbage-first heap   total 262144K, used 188416K [0x0000000080000000, 0x0000000100000000)
  region size 1024K, 100 young (102400K), 14 survivors (14336K)
 Metaspace       used 43495K, capacity 44403K, committed 44700K, reserved 1087488K
  class space    used 5396K, capacity 5741K, committed 5868K, reserved 1048576K
}
Event: 19.475 GC heap after
{Heap after GC invocations=12 (full 0):
 garbage-first heap   total 262144K, used 114688K [0x0000000080000000, 0x0000000100000000)
  region size 1024K, 13 young (13312K), 13 survivors (13312K)
 Metaspace       used 43495K, capacity 44403K, committed 44700K, reserved 1087488K
  class space    used 5396K, capacity 5741K, committed 5868K, reserved 1048576K
}
Event: 19.705 GC heap before
{Heap before GC invocations=12 (full 0):
 garbage-first heap   total 262144K, used 191488K [0x0000000080000000, 0x0000000100000000)
  region size 1024K, 88 young (90112K), 13 survivors (13312K)
 Metaspace       used 43495K, capacity 44403K, committed 44700K, reserved 1087488K
  class space    used 5396K, capacity 5741K, committed 5868K, reserved 1048576K
}
Event: 19.713 GC heap after
{Heap after GC invocations=13 (full 0):
 garbage-first heap   total 262144K, used 129920K [0x0000000080000000, 0x0000000100000000)
  region size 1024K, 11 young (11264K), 11 survivors (11264K)
 Metaspace       used 43495K, capacity 44403K, committed 44700K, reserved 1087488K
  class space    used 5396K, capacity 5741K, committed 5868K, reserved 1048576K
}
Event: 31.617 GC heap before
{Heap before GC invocations=13 (full 0):
 garbage-first heap   total 262144K, used 195456K [0x0000000080000000, 0x0000000100000000)
  region size 1024K, 75 young (76800K), 11 survivors (11264K)
 Metaspace       used 43707K, capacity 44658K, committed 44956K, reserved 1089536K
  class space    used 5406K, capacity 5753K, committed 5868K, reserved 1048576K
}
Event: 31.622 GC heap after
{Heap after GC invocations=14 (full 0):
 garbage-first heap   total 262144K, used 131178K [0x0000000080000000, 0x0000000100000000)
  region size 1024K, 6 young (6144K), 6 survivors (6144K)
 Metaspace       used 43707K, capacity 44658K, committed 44956K, reserved 1089536K
  class space    used 5406K, capacity 5753K, committed 5868K, reserved 1048576K
}
Event: 31.839 GC heap before
{Heap before GC invocations=15 (full 0):
 garbage-first heap   total 262144K, used 143587K [0x0000000080000000, 0x0000000100000000)
  region size 1024K, 72 young (73728K), 6 survivors (6144K)
 Metaspace       used 43694K, capacity 44640K, committed 44956K, reserved 1089536K
  class space    used 5401K, capacity 5747K, committed 5868K, reserved 1048576K
}
Event: 31.844 GC heap after
{Heap after GC invocations=16 (full 0):
 garbage-first heap   total 262144K, used 89079K [0x0000000080000000, 0x0000000100000000)
  region size 1024K, 9 young (9216K), 9 survivors (9216K)
 Metaspace       used 43694K, capacity 44640K, committed 44956K, reserved 1089536K
  class space    used 5401K, capacity 5747K, committed 5868K, reserved 1048576K
}
Event: 31.854 GC heap before
{Heap before GC invocations=16 (full 0):
 garbage-first heap   total 262144K, used 91127K [0x0000000080000000, 0x0000000100000000)
  region size 1024K, 12 young (12288K), 9 survivors (9216K)
 Metaspace       used 43694K, capacity 44640K, committed 44956K, reserved 1089536K
  class space    used 5401K, capacity 5747K, committed 5868K, reserved 1048576K
}
Event: 31.856 GC heap after
{Heap after GC invocations=17 (full 0):
 garbage-first heap   total 262144K, used 63234K [0x0000000080000000, 0x0000000100000000)
  region size 1024K, 2 young (2048K), 2 survivors (2048K)
 Metaspace       used 43694K, capacity 44640K, committed 44956K, reserved 1089536K
  class space    used 5401K, capacity 5747K, committed 5868K, reserved 1048576K
}
Event: 32.169 GC heap before
{Heap before GC invocations=17 (full 0):
 garbage-first heap   total 262144K, used 170754K [0x0000000080000000, 0x0000000100000000)
  region size 1024K, 107 young (109568K), 2 survivors (2048K)
 Metaspace       used 43697K, capacity 44644K, committed 44956K, reserved 1089536K
  class space    used 5401K, capacity 5747K, committed 5868K, reserved 1048576K
}
Event: 32.174 GC heap after
{Heap after GC invocations=18 (full 0):
 garbage-first heap   total 262144K, used 92342K [0x0000000080000000, 0x0000000100000000)
  region size 1024K, 14 young (14336K), 14 survivors (14336K)
 Metaspace       used 43697K, capacity 44644K, committed 44956K, reserved 1089536K
  class space    used 5401K, capacity 5747K, committed 5868K, reserved 1048576K
}

